1511487997.870672 client started (78088): version 2.5, socket /private/tmp/tmux-501/default, protocol 8
1511487997.870722 on Darwin 17.2.0 Darwin Kernel Version 17.2.0: Fri Sep 29 18:27:05 PDT 2017; root:xnu-4570.20.62~3/RELEASE_X86_64; libevent 2.1.8-stable (select)
1511487997.870766 socket is /private/tmp/tmux-501/default
1511487997.870791 trying connect
1511487997.870892 add peer 0x7fa1b2049c00: 6 (0x0)
1511487997.874301 sending message 100 to peer 0x7fa1b2049c00 (4 bytes)
1511487997.874328 sending message 101 to peer 0x7fa1b2049c00 (16 bytes)
1511487997.874339 sending message 102 to peer 0x7fa1b2049c00 (13 bytes)
1511487997.874348 sending message 108 to peer 0x7fa1b2049c00 (30 bytes)
1511487997.874366 sending message 104 to peer 0x7fa1b2049c00 (0 bytes)
1511487997.874375 sending message 107 to peer 0x7fa1b2049c00 (4 bytes)
1511487997.874384 sending message 105 to peer 0x7fa1b2049c00 (76 bytes)
1511487997.874393 sending message 105 to peer 0x7fa1b2049c00 (15 bytes)
1511487997.874401 sending message 105 to peer 0x7fa1b2049c00 (75 bytes)
1511487997.874410 sending message 105 to peer 0x7fa1b2049c00 (11 bytes)
1511487997.874418 sending message 105 to peer 0x7fa1b2049c00 (65 bytes)
1511487997.874426 sending message 105 to peer 0x7fa1b2049c00 (40 bytes)
1511487997.874435 sending message 105 to peer 0x7fa1b2049c00 (27 bytes)
1511487997.874443 sending message 105 to peer 0x7fa1b2049c00 (33 bytes)
1511487997.874451 sending message 105 to peer 0x7fa1b2049c00 (22 bytes)
1511487997.874460 sending message 105 to peer 0x7fa1b2049c00 (22 bytes)
1511487997.874468 sending message 105 to peer 0x7fa1b2049c00 (61 bytes)
1511487997.874476 sending message 105 to peer 0x7fa1b2049c00 (17 bytes)
1511487997.874484 sending message 105 to peer 0x7fa1b2049c00 (8 bytes)
1511487997.874493 sending message 105 to peer 0x7fa1b2049c00 (18 bytes)
1511487997.874501 sending message 105 to peer 0x7fa1b2049c00 (32 bytes)
1511487997.874509 sending message 105 to peer 0x7fa1b2049c00 (24 bytes)
1511487997.874517 sending message 105 to peer 0x7fa1b2049c00 (11 bytes)
1511487997.874525 sending message 105 to peer 0x7fa1b2049c00 (459 bytes)
1511487997.874534 sending message 105 to peer 0x7fa1b2049c00 (36 bytes)
1511487997.874542 sending message 105 to peer 0x7fa1b2049c00 (34 bytes)
1511487997.874550 sending message 105 to peer 0x7fa1b2049c00 (36 bytes)
1511487997.874558 sending message 105 to peer 0x7fa1b2049c00 (15 bytes)
1511487997.874566 sending message 105 to peer 0x7fa1b2049c00 (8 bytes)
1511487997.874574 sending message 105 to peer 0x7fa1b2049c00 (66 bytes)
1511487997.874583 sending message 105 to peer 0x7fa1b2049c00 (21 bytes)
1511487997.874591 sending message 105 to peer 0x7fa1b2049c00 (23 bytes)
1511487997.874599 sending message 105 to peer 0x7fa1b2049c00 (28 bytes)
1511487997.874607 sending message 105 to peer 0x7fa1b2049c00 (60 bytes)
1511487997.874615 sending message 105 to peer 0x7fa1b2049c00 (57 bytes)
1511487997.874623 sending message 105 to peer 0x7fa1b2049c00 (43 bytes)
1511487997.874631 sending message 105 to peer 0x7fa1b2049c00 (13 bytes)
1511487997.874639 sending message 105 to peer 0x7fa1b2049c00 (19 bytes)
1511487997.874648 sending message 105 to peer 0x7fa1b2049c00 (15 bytes)
1511487997.874656 sending message 105 to peer 0x7fa1b2049c00 (44 bytes)
1511487997.874664 sending message 105 to peer 0x7fa1b2049c00 (49 bytes)
1511487997.874672 sending message 105 to peer 0x7fa1b2049c00 (57 bytes)
1511487997.874680 sending message 105 to peer 0x7fa1b2049c00 (44 bytes)
1511487997.874688 sending message 105 to peer 0x7fa1b2049c00 (61 bytes)
1511487997.874697 sending message 105 to peer 0x7fa1b2049c00 (30 bytes)
1511487997.874705 sending message 105 to peer 0x7fa1b2049c00 (29 bytes)
1511487997.874713 sending message 105 to peer 0x7fa1b2049c00 (42 bytes)
1511487997.874721 sending message 105 to peer 0x7fa1b2049c00 (14 bytes)
1511487997.874729 sending message 105 to peer 0x7fa1b2049c00 (19 bytes)
1511487997.874737 sending message 105 to peer 0x7fa1b2049c00 (17 bytes)
1511487997.874745 sending message 105 to peer 0x7fa1b2049c00 (32 bytes)
1511487997.874753 sending message 105 to peer 0x7fa1b2049c00 (34 bytes)
1511487997.874772 sending message 105 to peer 0x7fa1b2049c00 (21 bytes)
1511487997.874781 sending message 105 to peer 0x7fa1b2049c00 (22 bytes)
1511487997.874789 sending message 105 to peer 0x7fa1b2049c00 (17 bytes)
1511487997.874797 sending message 105 to peer 0x7fa1b2049c00 (15 bytes)
1511487997.874806 sending message 106 to peer 0x7fa1b2049c00 (0 bytes)
1511487997.874818 sending message 200 to peer 0x7fa1b2049c00 (4 bytes)
1511487997.874829 client loop enter
1511487997.875345 peer 0x7fa1b2049c00 message 211
1511487997.875409 peer 0x7fa1b2049c00 message 203
1511487997.875436 client loop exit
